<?xml version="1.0" encoding="UTF-8"?>
<!-- Generated by org.testng.reporters.JUnitXMLReporter -->
<testsuite hostname="DESKTOP-C4MFT7M" name="Test" tests="9" failures="0" timestamp="25 Mar 2021 13:56:08 GMT" time="38.662" errors="0">
  <testcase name="logoText" time="1.091" classname="testNG.Assert"/>
  <testcase name="googleTitle" time="0.068" classname="testNG.Assert"/>
  <testcase name="googleTitle" time="0.015" classname="testNG.GoogleTest"/>
  <testcase name="gmailLInk" time="0.065" classname="testNG.GoogleTest"/>
  <testcase name="logoText" time="0.06" classname="testNG.GoogleTest"/>
  <testcase name="search" time="0.001" classname="testNG.TestNGAnnotations"/>
  <testcase name="googleTitle" time="0.001" classname="testNG.TestNGAnnotations"/>
  <testcase name="loginTest" time="0.006" classname="testNG.TestNGFeatures"/>
  <testcase name="homePageTest" time="0.002" classname="testNG.TestNGFeatures"/>
</testsuite> <!-- Test -->
